#
# There is insufficient memory for the Java Runtime Environment to continue.
# Native memory allocation (mmap) failed to map 130023424 bytes. Error detail: G1 virtual space
# Possible reasons:
#   The system is out of physical RAM or swap space
#   This process is running with CompressedOops enabled, and the Java Heap may be blocking the growth of the native heap
# Possible solutions:
#   Reduce memory load on the system
#   Increase physical memory or swap space
#   Check if swap backing store is full
#   Decrease Java heap size (-Xmx/-Xms)
#   Decrease number of Java threads
#   Decrease Java thread stack sizes (-Xss)
#   Set larger code cache with -XX:ReservedCodeCacheSize=
#   JVM is running with Unscaled Compressed Oops mode in which the Java heap is
#     placed in the first 4GB address space. The Java Heap base address is the
#     maximum limit for the native heap growth. Please use -XX:HeapBaseMinAddress
#     to set the Java Heap base and to place the Java Heap above 4GB virtual address.
# This output file may be truncated or incomplete.
#
#  Out of Memory Error (os_windows.cpp:3825), pid=25088, tid=43176
#
# JRE version:  (17.0.11) (build )
# Java VM: OpenJDK 64-Bit Server VM (17.0.11+0--11852314, mixed mode, sharing, tiered, compressed oops, compressed class ptrs, g1 gc, windows-amd64)
# No core dump will be written. Minidumps are not enabled by default on client versions of Windows
#

---------------  S U M M A R Y ------------

Command Line: git4idea.http.GitAskPassApp Username for 'https://github.com': 

Host: 11th Gen Intel(R) Core(TM) i5-11400H @ 2.70GHz, 12 cores, 7G,  Windows 11 , 64 bit Build 22621 (10.0.22621.4391)
Time: Wed Dec  4 13:47:51 2024 Malay Peninsula Standard Time elapsed time: 0.014582 seconds (0d 0h 0m 0s)

---------------  T H R E A D  ---------------

Current thread (0x0000016b750739b0):  JavaThread "Unknown thread" [_thread_in_vm, id=43176, stack(0x00000037cee00000,0x00000037cef00000)]

Stack: [0x00000037cee00000,0x00000037cef00000]
Native frames: (J=compiled Java code, j=interpreted, Vv=VM code, C=native code)
V  [jvm.dll+0x687bb9]
V  [jvm.dll+0x84142a]
V  [jvm.dll+0x8430ae]
V  [jvm.dll+0x843713]
V  [jvm.dll+0x24a35f]
V  [jvm.dll+0x684989]
V  [jvm.dll+0x67923a]
V  [jvm.dll+0x30af0b]
V  [jvm.dll+0x3123b6]
V  [jvm.dll+0x361dfe]
V  [jvm.dll+0x36202f]
V  [jvm.dll+0x2e0d38]
V  [jvm.dll+0x2e1ca4]
V  [jvm.dll+0x811f21]
V  [jvm.dll+0x36fb68]
V  [jvm.dll+0x7f0896]
V  [jvm.dll+0x3f3d2f]
V  [jvm.dll+0x3f58e1]
C  [jli.dll+0x528f]
C  [ucrtbase.dll+0x29333]
C  [KERNEL32.DLL+0x1259d]
C  [ntdll.dll+0x5af38]


---------------  P R O C E S S  ---------------

Threads class SMR info:
_java_thread_list=0x00007fffcb89efd8, length=0, elements={
}

Java Threads: ( => current thread )

Other Threads:
  0x0000016b750cbd90 GCTaskThread "GC Thread#0" [stack: 0x00000037cef00000,0x00000037cf000000] [id=40068]
  0x0000016b750dc1a0 ConcurrentGCThread "G1 Main Marker" [stack: 0x00000037cf000000,0x00000037cf100000] [id=11692]
  0x0000016b750ddca0 ConcurrentGCThread "G1 Conc#0" [stack: 0x00000037cf100000,0x00000037cf200000] [id=14180]

[error occurred during error reporting (printing all threads), id 0xc0000005, EXCEPTION_ACCESS_VIOLATION (0xc0000005) at pc=0x00007fffcb051907]

VM state: not at safepoint (not fully initialized)

VM Mutex/Monitor currently owned by a thread:  ([mutex/lock_event])
[0x0000016b7506e910] Heap_lock - owner thread: 0x0000016b750739b0

Heap address: 0x0000000085a00000, size: 1958 MB, Compressed Oops mode: 32-bit

CDS archive(s) mapped at: [0x0000000000000000-0x0000000000000000-0x0000000000000000), size 0, SharedBaseAddress: 0x0000000800000000, ArchiveRelocationMode: 1.
Narrow klass base: 0x0000000000000000, Narrow klass shift: 0, Narrow klass range: 0x0

GC Precious Log:
<Empty>

Heap:
 garbage-first heap   total 0K, used 0K [0x0000000085a00000, 0x0000000100000000)
  region size 1024K, 0 young (0K), 0 survivors (0K)
 Metaspace       used 0K, committed 0K, reserved 0K
  class space    used 0K, committed 0K, reserved 0K

Heap Regions: E=young(eden), S=young(survivor), O=old, HS=humongous(starts), HC=humongous(continues), CS=collection set, F=free, OA=open archive, CA=closed archive, TAMS=top-at-mark-start (previous, next)

Card table byte_map: [0x0000016b78e80000,0x0000016b79260000] _byte_map_base: 0x0000016b78a53000

Marking Bits (Prev, Next): (CMBitMap*) 0x0000016b750cc3b0, (CMBitMap*) 0x0000016b750cc3f0
 Prev Bits: [0x0000016b79640000, 0x0000016b7b4d8000)
 Next Bits: [0x0000016b7b4e0000, 0x0000016b7d378000)

GC Heap History (0 events):
No events

Dll operation events (1 events):
Event: 0.010 Loaded shared library C:\Program Files\Android\Android Studio1\jbr\bin\java.dll

Deoptimization events (0 events):
No events

Classes unloaded (0 events):
No events

Classes redefined (0 events):
No events

Internal exceptions (0 events):
No events

VM Operations (0 events):
No events

Events (0 events):
No events


Dynamic libraries:
0x00007ff74a590000 - 0x00007ff74a59a000 	C:\Program Files\Android\Android Studio1\jbr\bin\java.exe
0x00007ff83f3d0000 - 0x00007ff83f5e7000 	C:\WINDOWS\SYSTEM32\ntdll.dll
0x00007ffff8800000 - 0x00007ffff881a000 	C:\Program Files\AVG\Antivirus\aswhook.dll
0x00007ff83e770000 - 0x00007ff83e834000 	C:\WINDOWS\System32\KERNEL32.DLL
0x00007ff83cb50000 - 0x00007ff83cf09000 	C:\WINDOWS\System32\KERNELBASE.dll
0x00007ff83ca30000 - 0x00007ff83cb41000 	C:\WINDOWS\System32\ucrtbase.dll
0x00007ff81bda0000 - 0x00007ff81bdb7000 	C:\Program Files\Android\Android Studio1\jbr\bin\jli.dll
0x00007ffff0b10000 - 0x00007ffff0b2b000 	C:\Program Files\Android\Android Studio1\jbr\bin\VCRUNTIME140.dll
0x00007ff83d330000 - 0x00007ff83d4de000 	C:\WINDOWS\System32\USER32.dll
0x00007ff83cfd0000 - 0x00007ff83cff6000 	C:\WINDOWS\System32\win32u.dll
0x00007ff83e840000 - 0x00007ff83e869000 	C:\WINDOWS\System32\GDI32.dll
0x00007ff81c220000 - 0x00007ff81c4b2000 	C:\WINDOWS\WinSxS\amd64_microsoft.windows.common-controls_6595b64144ccf1df_6.0.22621.4391_none_2715d37f73803e96\COMCTL32.dll
0x00007ff83c6d0000 - 0x00007ff83c7eb000 	C:\WINDOWS\System32\gdi32full.dll
0x00007ff83c990000 - 0x00007ff83ca2a000 	C:\WINDOWS\System32\msvcp_win.dll
0x00007ff83d5e0000 - 0x00007ff83d687000 	C:\WINDOWS\System32\msvcrt.dll
0x00007ff83f160000 - 0x00007ff83f191000 	C:\WINDOWS\System32\IMM32.DLL
0x00007ff835d30000 - 0x00007ff835d3c000 	C:\Program Files\Android\Android Studio1\jbr\bin\vcruntime140_1.dll
0x00007fffd2100000 - 0x00007fffd218d000 	C:\Program Files\Android\Android Studio1\jbr\bin\msvcp140.dll
0x00007fffcad60000 - 0x00007fffcb9e3000 	C:\Program Files\Android\Android Studio1\jbr\bin\server\jvm.dll
0x00007ff83d0f0000 - 0x00007ff83d1a2000 	C:\WINDOWS\System32\ADVAPI32.dll
0x00007ff83d850000 - 0x00007ff83d8f7000 	C:\WINDOWS\System32\sechost.dll
0x00007ff83c7f0000 - 0x00007ff83c818000 	C:\WINDOWS\System32\bcrypt.dll
0x00007ff83d210000 - 0x00007ff83d324000 	C:\WINDOWS\System32\RPCRT4.dll
0x00007ff8158b0000 - 0x00007ff8158b9000 	C:\WINDOWS\SYSTEM32\WSOCK32.dll
0x00007ff83b520000 - 0x00007ff83b56d000 	C:\WINDOWS\SYSTEM32\POWRPROF.dll
0x00007ff833050000 - 0x00007ff833084000 	C:\WINDOWS\SYSTEM32\WINMM.dll
0x00007ff83d980000 - 0x00007ff83d9f1000 	C:\WINDOWS\System32\WS2_32.dll
0x00007ff832f10000 - 0x00007ff832f1a000 	C:\WINDOWS\SYSTEM32\VERSION.dll
0x00007ff83b500000 - 0x00007ff83b513000 	C:\WINDOWS\SYSTEM32\UMPDC.dll
0x00007ff83b7d0000 - 0x00007ff83b7e8000 	C:\WINDOWS\SYSTEM32\kernel.appcore.dll
0x00007ff82df70000 - 0x00007ff82df7a000 	C:\Program Files\Android\Android Studio1\jbr\bin\jimage.dll
0x00007ff839fa0000 - 0x00007ff83a1d2000 	C:\WINDOWS\SYSTEM32\DBGHELP.DLL
0x00007ff83ebc0000 - 0x00007ff83ef4f000 	C:\WINDOWS\System32\combase.dll
0x00007ff83d500000 - 0x00007ff83d5d7000 	C:\WINDOWS\System32\OLEAUT32.dll
0x00007ff82f970000 - 0x00007ff82f9a2000 	C:\WINDOWS\SYSTEM32\dbgcore.DLL
0x00007ff83d070000 - 0x00007ff83d0eb000 	C:\WINDOWS\System32\bcryptPrimitives.dll
0x00007ff81cce0000 - 0x00007ff81cd05000 	C:\Program Files\Android\Android Studio1\jbr\bin\java.dll

dbghelp: loaded successfully - version: 4.0.5 - missing functions: none
symbol engine: initialized successfully - sym options: 0x614 - pdb path: .;C:\Program Files\Android\Android Studio1\jbr\bin;C:\WINDOWS\SYSTEM32;C:\Program Files\AVG\Antivirus;C:\WINDOWS\WinSxS\amd64_microsoft.windows.common-controls_6595b64144ccf1df_6.0.22621.4391_none_2715d37f73803e96;C:\Program Files\Android\Android Studio1\jbr\bin\server

VM Arguments:
java_command: git4idea.http.GitAskPassApp Username for 'https://github.com': 
java_class_path (initial): C:/Program Files/Android/Android Studio1/plugins/vcs-git/lib/git4idea-rt.jar;C:/Program Files/Android/Android Studio1/lib/externalProcess-rt.jar
Launcher Type: SUN_STANDARD

[Global flags]
     intx CICompilerCount                          = 4                                         {product} {ergonomic}
     uint ConcGCThreads                            = 3                                         {product} {ergonomic}
     uint G1ConcRefinementThreads                  = 10                                        {product} {ergonomic}
   size_t G1HeapRegionSize                         = 1048576                                   {product} {ergonomic}
    uintx GCDrainStackTargetSize                   = 64                                        {product} {ergonomic}
   size_t InitialHeapSize                          = 130023424                                 {product} {ergonomic}
   size_t MarkStackSize                            = 4194304                                   {product} {ergonomic}
   size_t MaxHeapSize                              = 2053111808                                {product} {ergonomic}
   size_t MinHeapDeltaBytes                        = 1048576                                   {product} {ergonomic}
   size_t MinHeapSize                              = 8388608                                   {product} {ergonomic}
    uintx NonNMethodCodeHeapSize                   = 5839372                                {pd product} {ergonomic}
    uintx NonProfiledCodeHeapSize                  = 122909434                              {pd product} {ergonomic}
    uintx ProfiledCodeHeapSize                     = 122909434                              {pd product} {ergonomic}
    uintx ReservedCodeCacheSize                    = 251658240                              {pd product} {ergonomic}
     bool SegmentedCodeCache                       = true                                      {product} {ergonomic}
   size_t SoftMaxHeapSize                          = 2053111808                             {manageable} {ergonomic}
     bool UseCompressedClassPointers               = true                           {product lp64_product} {ergonomic}
     bool UseCompressedOops                        = true                           {product lp64_product} {ergonomic}
     bool UseG1GC                                  = true                                      {product} {ergonomic}
     bool UseLargePagesIndividualAllocation        = false                                  {pd product} {ergonomic}

Logging:
Log output configuration:
 #0: stdout all=warning uptime,level,tags
 #1: stderr all=off uptime,level,tags

Environment Variables:
PATH=C:/Program Files/Git/mingw64/libexec/git-core;C:/Program Files/Git/mingw64/libexec/git-core;C:\Program Files\Git\mingw64\bin;C:\Program Files\Git\usr\bin;C:\Users\kimjo\bin;C:\Program Files (x86)\VMware\VMware Workstation\bin\;C:\windows\system32;C:\windows;C:\windows\System32\Wbem;C:\windows\System32\WindowsPowerShell\v1.0\;C:\windows\System32\OpenSSH\;C:\Program Files (x86)\NVIDIA Corporation\PhysX\Common;C:\Program Files\NVIDIA Corporation\NVIDIA NvDLISR;C:\Program Files\Microsoft SQL Server\150\Tools\Binn\;C:\Program Files\Microsoft SQL Server\Client SDK\ODBC\170\Tools\Binn\;C:\WINDOWS\system32;C:\WINDOWS;C:\WINDOWS\System32\Wbem;C:\WINDOWS\System32\WindowsPowerShell\v1.0\;C:\WINDOWS\System32\OpenSSH\;C:\Program Files\Docker\Docker\resources\bin;C:\Program Files\Git\cmd;C:\Program Files\MySQL\MySQL Shell 8.0\bin\;C:\Users\kimjo\AppData\Local\Microsoft\WindowsApps;C:\Users\kimjo\.dotnet\tools;C:\Users\kimjo\AppData\Local\atom\bin;C:\Users\kimjo\AppData\Local\Microsoft\WindowsApps;C:\xampp\php;C:\Users\kimjo\AppData\Local\ComposerSetup\bin;C:\Users\kimjo\AppData\Roaming\Composer\vendor\bin;C:\Users\kimjo\AppData\Local\Programs\Microsoft VS Code\bin;C:\Users\kimjo\AppData\Local\Programs\Azure Data Studio\bin
USERNAME=kimjo
DISPLAY=:0.0
LC_ALL=en_US.UTF-8
TERM=xterm-256color
TMPDIR=C:\Users\kimjo\AppData\Local\Temp
OS=Windows_NT
PROCESSOR_IDENTIFIER=Intel64 Family 6 Model 141 Stepping 1, GenuineIntel
TMP=C:\Users\kimjo\AppData\Local\Temp
TEMP=C:\Users\kimjo\AppData\Local\Temp



Periodic native trim disabled

JNI global refs:
JNI global refs: 0, weak refs: 0

JNI global refs memory usage: 0, weak refs: 0

Process memory usage:
Resident Set Size: 12092K (0% of 8017892K total physical memory with 604852K free physical memory)

OOME stack traces (most recent first):
Classloader memory used:


---------------  S Y S T E M  ---------------

OS:
 Windows 11 , 64 bit Build 22621 (10.0.22621.4391)
OS uptime: 3 days 21:05 hours
Hyper-V role detected

CPU: total 12 (initial active 12) (6 cores per cpu, 2 threads per core) family 6 model 141 stepping 1 microcode 0x4e, cx8, cmov, fxsr, ht, mmx, 3dnowpref, sse, sse2, sse3, ssse3, sse4.1, sse4.2, popcnt, lzcnt, tsc, tscinvbit, avx, avx2, aes, erms, clmul, bmi1, bmi2, adx, avx512f, avx512dq, avx512cd, avx512bw, avx512vl, sha, fma, vzeroupper, avx512_vpopcntdq, avx512_vpclmulqdq, avx512_vaes, avx512_vnni, clflush, clflushopt, clwb, avx512_vbmi2, avx512_vbmi, hv
Processor Information for all 12 processors :
  Max Mhz: 2688, Current Mhz: 2688, Mhz Limit: 2688

Memory: 4k page, system-wide physical 7829M (590M free)
TotalPageFile size 31381M (AvailPageFile size 38M)
current process WorkingSet (physical memory assigned to process): 11M, peak: 11M
current process commit charge ("private bytes"): 64M, peak: 188M

vm_info: OpenJDK 64-Bit Server VM (17.0.11+0--11852314) for windows-amd64 JRE (17.0.11+0--11852314), built on May 16 2024 21:29:20 by "androidbuild" with MS VC++ 16.10 / 16.11 (VS2019)

END.
