#
# A fatal error has been detected by the Java Runtime Environment:
#
#  EXCEPTION_ACCESS_VIOLATION (0xc0000005) at pc=0x00007ff82df71be9, pid=29152, tid=40460
#
# JRE version:  (17.0.11) (build )
# Java VM: OpenJDK 64-Bit Server VM (17.0.11+0--11852314, mixed mode, sharing, tiered, unknown gc, windows-amd64)
# Problematic frame:
# C  [jimage.dll+0x1be9]
#
# No core dump will be written. Minidumps are not enabled by default on client versions of Windows
#
#

---------------  S U M M A R Y ------------

Command Line: 

Host: 11th Gen Intel(R) Core(TM) i5-11400H @ 2.70GHz, 12 cores, 7G,  Windows 11 , 64 bit Build 22621 (10.0.22621.4391)
Time: Wed Dec  4 13:32:42 2024 Malay Peninsula Standard Time elapsed time: 0.019240 seconds (0d 0h 0m 0s)

---------------  T H R E A D  ---------------

Current thread is native thread

Stack: [0x00000001cc800000,0x00000001cc900000],  sp=0x00000001cc8fd460,  free space=1013k
Native frames: (J=compiled Java code, j=interpreted, Vv=VM code, C=native code)
C  [jimage.dll+0x1be9]
C  [jimage.dll+0x1d77]
C  [jimage.dll+0x2655]
V  [jvm.dll+0x1f464a]
V  [jvm.dll+0xb0d8e]
V  [jvm.dll+0x7f037c]
V  [jvm.dll+0x3f3d2f]
V  [jvm.dll+0x3f58e1]
C  [jli.dll+0x528f]
C  [ucrtbase.dll+0x29333]
C  [KERNEL32.DLL+0x1259d]
C  [ntdll.dll+0x5af38]


siginfo: EXCEPTION_ACCESS_VIOLATION (0xc0000005), reading address 0x000000000000b744


Registers:
RAX=0x0000000000002dca, RBX=0x00000001cc8fd551, RCX=0x00007ff82df76000, RDX=0x0000000000002dca
RSP=0x00000001cc8fd460, RBP=0x00000001cc8fd550, RSI=0x0000000000006f06, RDI=0x00000001cc8fd550
R8 =0x00007ff82df74288, R9 =0x000000000000001c, R10=0x00007ff819ff0000, R11=0x00007ff82df76000
R12=0x0000000000000001, R13=0x0000013066a48800, R14=0x00000001cc8fe5c0, R15=0x00007fffcb6a5128
RIP=0x00007ff82df71be9, EFLAGS=0x0000000000010246


Top of Stack: (sp=0x00000001cc8fd460)
0x00000001cc8fd460:   0000013066a30150 000000008a00008a
0x00000001cc8fd470:   0000000000001000 0000013066cd0000
0x00000001cc8fd480:   0000013066a4c230 00007ff82df71d77
0x00000001cc8fd490:   000000000000000b 0000013066a4c230
0x00000001cc8fd4a0:   00000000000006f5 00000000000006f5
0x00000001cc8fd4b0:   00000000000006f5 00007ff83f41472a
0x00000001cc8fd4c0:   0000013066a34570 000001308a00008a
0x00000001cc8fd4d0:   0000013066a30000 00000001000003ff
0x00000001cc8fd4e0:   00000000000006f5 0000013066cd0080
0x00000001cc8fd4f0:   0000f849efddc668 0000013066a30150
0x00000001cc8fd500:   00007fffcb683980 0000000000000017
0x00000001cc8fd510:   0000013066a4c230 00000001cc8fe5c0
0x00000001cc8fd520:   000000000000000b 00007ff82df72655
0x00000001cc8fd530:   0000013066a30000 00007ff8000003ff
0x00000001cc8fd540:   00000000000006b1 0000013066d064c0
0x00000001cc8fd550:   61622e6176616a2f 692f6b646a2f6573
0x00000001cc8fd560:   2f6c616e7265746e 6f6974706f2f6d76
0x00000001cc8fd570:   000001306600736e 0000013066d06fc0
0x00000001cc8fd580:   00000130000003ff 00000000000006b1
0x00000001cc8fd590:   0000013066cd0000 0000013005010004
0x00000001cc8fd5a0:   00000000000005eb 0000000000005eb0
0x00000001cc8fd5b0:   0000013066a3007c 0000013066a30150
0x00000001cc8fd5c0:   0000013066d064b0 00007ff88a00008a
0x00000001cc8fd5d0:   0000013066a30000 00000001cc8fd620
0x00000001cc8fd5e0:   0000000000000000 0000000000000000
0x00000001cc8fd5f0:   0000013066a30150 0000013066d0c360
0x00000001cc8fd600:   0000000000000000 0000000000000000
0x00000001cc8fd610:   00000000000000c6 00007ff83f41472a
0x00000001cc8fd620:   0000013066a34570 00000001cc8fd959
0x00000001cc8fd630:   0000013066a30000 00000000000000c6
0x00000001cc8fd640:   0000013066d0c370 0000013066d0c360
0x00000001cc8fd650:   0000013066a302c0 00007ff83f40f966 

Instructions: (pc=0x00007ff82df71be9)
0x00007ff82df71ae9:   48 85 c9 74 1d 80 3d 1b 45 00 00 00 74 06 48 8b
0x00007ff82df71af9:   53 18 eb 04 48 8b 53 40 e8 ae 0e 00 00 48 83 63
0x00007ff82df71b09:   48 00 8b 4b 0c 83 f9 ff 74 09 e8 e4 0c 00 00 83
0x00007ff82df71b19:   4b 0c ff 48 8b 4b 70 48 85 c9 74 0f ba 10 00 00
0x00007ff82df71b29:   00 e8 fd 0e 00 00 48 83 63 70 00 48 83 c4 20 5b
0x00007ff82df71b39:   c3 cc cc 40 53 48 83 ec 20 48 8b d9 48 8d 0d d4
0x00007ff82df71b49:   46 00 00 e8 b3 0c 00 00 83 6b 08 01 75 24 48 8b
0x00007ff82df71b59:   d3 48 8d 0d b7 44 00 00 e8 22 08 00 00 48 8b cb
0x00007ff82df71b69:   e8 de fe ff ff ba 78 00 00 00 48 8b cb e8 b1 0e
0x00007ff82df71b79:   00 00 48 8d 0d 9e 46 00 00 48 83 c4 20 5b e9 80
0x00007ff82df71b89:   0c 00 00 48 89 5c 24 08 48 89 74 24 10 57 48 83
0x00007ff82df71b99:   ec 20 41 8b f1 4d 8b c8 48 8b fa 4c 8b d9 4d 85
0x00007ff82df71ba9:   c0 74 78 85 f6 74 74 44 8a 12 48 8d 5a 01 48 8b
0x00007ff82df71bb9:   d3 b8 93 01 00 01 eb 12 69 c0 93 01 00 01 41 0f
0x00007ff82df71bc9:   b6 ca 44 8a 12 33 c1 48 ff c2 45 84 d2 75 e9 4d
0x00007ff82df71bd9:   8b 03 0f ba f0 1f 33 d2 49 8b cb f7 f6 48 63 c2
0x00007ff82df71be9:   41 8b 14 81 41 ff 50 08 85 c0 7e 24 8a 0f eb 10
0x00007ff82df71bf9:   69 c0 93 01 00 01 0f b6 c9 33 c1 8a 0b 48 ff c3
0x00007ff82df71c09:   84 c9 75 ec 0f ba f0 1f 33 d2 f7 f6 8b c2 eb 0e
0x00007ff82df71c19:   79 09 83 c9 ff 2b c8 8b c1 eb 03 83 c8 ff 48 8b
0x00007ff82df71c29:   5c 24 30 48 8b 74 24 38 48 83 c4 20 5f c3 cc 48
0x00007ff82df71c39:   89 5c 24 08 48 89 74 24 10 57 48 83 ec 20 48 8b
0x00007ff82df71c49:   f1 48 8d 0d cf 45 00 00 e8 ae 0b 00 00 33 ff 39
0x00007ff82df71c59:   3d ba 43 00 00 76 24 48 8b 05 b9 43 00 00 48 8b
0x00007ff82df71c69:   d6 48 8b 1c f8 48 8b 0b e8 64 1e 00 00 85 c0 74
0x00007ff82df71c79:   2b ff c7 3b 3d 96 43 00 00 72 dc 33 db 48 8d 0d
0x00007ff82df71c89:   93 45 00 00 e8 7a 0b 00 00 48 8b 74 24 38 48 8b
0x00007ff82df71c99:   c3 48 8b 5c 24 30 48 83 c4 20 5f c3 ff 43 08 eb
0x00007ff82df71ca9:   dc cc cc 48 89 5c 24 08 48 89 74 24 10 57 48 83
0x00007ff82df71cb9:   ec 20 48 8b d9 48 8b f2 48 8b 49 10 49 8b f8 8b
0x00007ff82df71cc9:   53 30 48 8b 01 ff 50 20 4c 8b 43 50 48 8b d6 48
0x00007ff82df71cd9:   8b 4b 10 44 8b c8 e8 a8 fe ff ff 83 f8 ff 74 38 



---------------  P R O C E S S  ---------------

VM state: not at safepoint (not fully initialized)

VM Mutex/Monitor currently owned by a thread: None

GC Precious Log:
<Not initialized>


Dynamic libraries:
0x00007ff661610000 - 0x00007ff66161a000 	C:\Program Files\Android\Android Studio1\jbr\bin\java.exe
0x00007ff83f3d0000 - 0x00007ff83f5e7000 	C:\WINDOWS\SYSTEM32\ntdll.dll
0x00007ffff8800000 - 0x00007ffff881a000 	C:\Program Files\AVG\Antivirus\aswhook.dll
0x00007ff83e770000 - 0x00007ff83e834000 	C:\WINDOWS\System32\KERNEL32.DLL
0x00007ff83cb50000 - 0x00007ff83cf09000 	C:\WINDOWS\System32\KERNELBASE.dll
0x00007ff83ca30000 - 0x00007ff83cb41000 	C:\WINDOWS\System32\ucrtbase.dll
0x00007ff819ff0000 - 0x00007ff81a00b000 	C:\Program Files\Android\Android Studio1\jbr\bin\VCRUNTIME140.dll
0x00007ff81bda0000 - 0x00007ff81bdb7000 	C:\Program Files\Android\Android Studio1\jbr\bin\jli.dll
0x00007ff83d330000 - 0x00007ff83d4de000 	C:\WINDOWS\System32\USER32.dll
0x00007ff83cfd0000 - 0x00007ff83cff6000 	C:\WINDOWS\System32\win32u.dll
0x00007ff83e840000 - 0x00007ff83e869000 	C:\WINDOWS\System32\GDI32.dll
0x00007ff81c220000 - 0x00007ff81c4b2000 	C:\WINDOWS\WinSxS\amd64_microsoft.windows.common-controls_6595b64144ccf1df_6.0.22621.4391_none_2715d37f73803e96\COMCTL32.dll
0x00007ff83c6d0000 - 0x00007ff83c7eb000 	C:\WINDOWS\System32\gdi32full.dll
0x00007ff83c990000 - 0x00007ff83ca2a000 	C:\WINDOWS\System32\msvcp_win.dll
0x00007ff83d5e0000 - 0x00007ff83d687000 	C:\WINDOWS\System32\msvcrt.dll
0x00007ff83f160000 - 0x00007ff83f191000 	C:\WINDOWS\System32\IMM32.DLL
0x00007ff835d30000 - 0x00007ff835d3c000 	C:\Program Files\Android\Android Studio1\jbr\bin\vcruntime140_1.dll
0x00007fffcd090000 - 0x00007fffcd11d000 	C:\Program Files\Android\Android Studio1\jbr\bin\msvcp140.dll
0x00007fffcad60000 - 0x00007fffcb9e3000 	C:\Program Files\Android\Android Studio1\jbr\bin\server\jvm.dll
0x00007ff83d0f0000 - 0x00007ff83d1a2000 	C:\WINDOWS\System32\ADVAPI32.dll
0x00007ff83d850000 - 0x00007ff83d8f7000 	C:\WINDOWS\System32\sechost.dll
0x00007ff83c7f0000 - 0x00007ff83c818000 	C:\WINDOWS\System32\bcrypt.dll
0x00007ff83d210000 - 0x00007ff83d324000 	C:\WINDOWS\System32\RPCRT4.dll
0x00007ff83b520000 - 0x00007ff83b56d000 	C:\WINDOWS\SYSTEM32\POWRPROF.dll
0x00007ff833050000 - 0x00007ff833084000 	C:\WINDOWS\SYSTEM32\WINMM.dll
0x00007ff832f10000 - 0x00007ff832f1a000 	C:\WINDOWS\SYSTEM32\VERSION.dll
0x00007ff8158b0000 - 0x00007ff8158b9000 	C:\WINDOWS\SYSTEM32\WSOCK32.dll
0x00007ff83d980000 - 0x00007ff83d9f1000 	C:\WINDOWS\System32\ws2_32.DLL
0x00007ff83b500000 - 0x00007ff83b513000 	C:\WINDOWS\SYSTEM32\UMPDC.dll
0x00007ff83b7d0000 - 0x00007ff83b7e8000 	C:\WINDOWS\SYSTEM32\kernel.appcore.dll
0x00007ff82df70000 - 0x00007ff82df7a000 	C:\Program Files\Android\Android Studio1\jbr\bin\jimage.dll
0x00007ff839fa0000 - 0x00007ff83a1d2000 	C:\WINDOWS\SYSTEM32\DBGHELP.DLL
0x00007ff83ebc0000 - 0x00007ff83ef4f000 	C:\WINDOWS\System32\combase.dll
0x00007ff83d500000 - 0x00007ff83d5d7000 	C:\WINDOWS\System32\OLEAUT32.dll
0x00007ff82f970000 - 0x00007ff82f9a2000 	C:\WINDOWS\SYSTEM32\dbgcore.DLL
0x00007ff83d070000 - 0x00007ff83d0eb000 	C:\WINDOWS\System32\bcryptPrimitives.dll

dbghelp: loaded successfully - version: 4.0.5 - missing functions: none
symbol engine: initialized successfully - sym options: 0x614 - pdb path: .;C:\Program Files\Android\Android Studio1\jbr\bin;C:\WINDOWS\SYSTEM32;C:\Program Files\AVG\Antivirus;C:\WINDOWS\WinSxS\amd64_microsoft.windows.common-controls_6595b64144ccf1df_6.0.22621.4391_none_2715d37f73803e96;C:\Program Files\Android\Android Studio1\jbr\bin\server

VM Arguments:
java_command: <unknown>
java_class_path (initial): <not set>
Launcher Type: SUN_STANDARD

[Global flags]
     bool UseLargePagesIndividualAllocation        = false                                  {pd product} {ergonomic}

Logging:
Log output configuration:
 #0: stdout all=warning uptime,level,tags
 #1: stderr all=off uptime,level,tags

Environment Variables:
PATH=C:/Program Files/Git/mingw64/libexec/git-core;C:/Program Files/Git/mingw64/libexec/git-core;C:\Program Files\Git\mingw64\bin;C:\Program Files\Git\usr\bin;C:\Users\kimjo\bin;C:\Program Files (x86)\VMware\VMware Workstation\bin\;C:\windows\system32;C:\windows;C:\windows\System32\Wbem;C:\windows\System32\WindowsPowerShell\v1.0\;C:\windows\System32\OpenSSH\;C:\Program Files (x86)\NVIDIA Corporation\PhysX\Common;C:\Program Files\NVIDIA Corporation\NVIDIA NvDLISR;C:\Program Files\Microsoft SQL Server\150\Tools\Binn\;C:\Program Files\Microsoft SQL Server\Client SDK\ODBC\170\Tools\Binn\;C:\WINDOWS\system32;C:\WINDOWS;C:\WINDOWS\System32\Wbem;C:\WINDOWS\System32\WindowsPowerShell\v1.0\;C:\WINDOWS\System32\OpenSSH\;C:\Program Files\Docker\Docker\resources\bin;C:\Program Files\Git\cmd;C:\Program Files\MySQL\MySQL Shell 8.0\bin\;C:\Users\kimjo\AppData\Local\Microsoft\WindowsApps;C:\Users\kimjo\.dotnet\tools;C:\Users\kimjo\AppData\Local\atom\bin;C:\Users\kimjo\AppData\Local\Microsoft\WindowsApps;C:\xampp\php;C:\Users\kimjo\AppData\Local\ComposerSetup\bin;C:\Users\kimjo\AppData\Roaming\Composer\vendor\bin;C:\Users\kimjo\AppData\Local\Programs\Microsoft VS Code\bin;C:\Users\kimjo\AppData\Local\Programs\Azure Data Studio\bin
USERNAME=kimjo
DISPLAY=:0.0
LC_ALL=en_US.UTF-8
TERM=xterm-256color
TMPDIR=C:\Users\kimjo\AppData\Local\Temp
OS=Windows_NT
PROCESSOR_IDENTIFIER=Intel64 Family 6 Model 141 Stepping 1, GenuineIntel
TMP=C:\Users\kimjo\AppData\Local\Temp
TEMP=C:\Users\kimjo\AppData\Local\Temp



Periodic native trim disabled

JNI global refs:
JNI global refs: 0, weak refs: 0

JNI global refs memory usage: 0, weak refs: 0

Process memory usage:
Resident Set Size: 9400K (0% of 8017892K total physical memory with 533880K free physical memory)

OOME stack traces (most recent first):
Classloader memory used:
Not available (crashed in non-Java thread)

---------------  S Y S T E M  ---------------

OS:
 Windows 11 , 64 bit Build 22621 (10.0.22621.4391)
OS uptime: 3 days 20:50 hours

CPU: total 12 (initial active 0) 
Processor Information for all 12 processors :
  Max Mhz: 2688, Current Mhz: 2688, Mhz Limit: 2688

Memory: 4k page, system-wide physical 7829M (521M free)
TotalPageFile size 31381M (AvailPageFile size 4M)
current process WorkingSet (physical memory assigned to process): 9M, peak: 9M
current process commit charge ("private bytes"): 3M, peak: 3M

vm_info: OpenJDK 64-Bit Server VM (17.0.11+0--11852314) for windows-amd64 JRE (17.0.11+0--11852314), built on May 16 2024 21:29:20 by "androidbuild" with MS VC++ 16.10 / 16.11 (VS2019)

END.
