#
# There is insufficient memory for the Java Runtime Environment to continue.
# Native memory allocation (mmap) failed to map 130023424 bytes. Error detail: G1 virtual space
# Possible reasons:
#   The system is out of physical RAM or swap space
#   This process is running with CompressedOops enabled, and the Java Heap may be blocking the growth of the native heap
# Possible solutions:
#   Reduce memory load on the system
#   Increase physical memory or swap space
#   Check if swap backing store is full
#   Decrease Java heap size (-Xmx/-Xms)
#   Decrease number of Java threads
#   Decrease Java thread stack sizes (-Xss)
#   Set larger code cache with -XX:ReservedCodeCacheSize=
#   JVM is running with Unscaled Compressed Oops mode in which the Java heap is
#     placed in the first 4GB address space. The Java Heap base address is the
#     maximum limit for the native heap growth. Please use -XX:HeapBaseMinAddress
#     to set the Java Heap base and to place the Java Heap above 4GB virtual address.
# This output file may be truncated or incomplete.
#
#  Out of Memory Error (os_windows.cpp:3815), pid=36792, tid=46340
#
# JRE version:  (21.0.3) (build )
# Java VM: OpenJDK 64-Bit Server VM (21.0.3+-12282718-b509.11, mixed mode, sharing, tiered, compressed oops, compressed class ptrs, g1 gc, windows-amd64)
# No core dump will be written. Minidumps are not enabled by default on client versions of Windows
#

---------------  S U M M A R Y ------------

Command Line: git4idea.http.GitAskPassApp Username for 'https://github.com': 

Host: 11th Gen Intel(R) Core(TM) i5-11400H @ 2.70GHz, 12 cores, 7G,  Windows 11 , 64 bit Build 22621 (10.0.22621.4391)
Time: Wed Dec 18 20:16:39 2024 Malay Peninsula Standard Time elapsed time: 0.039890 seconds (0d 0h 0m 0s)

---------------  T H R E A D  ---------------

Current thread (0x0000020297a30d40):  JavaThread "Unknown thread" [_thread_in_vm, id=46340, stack(0x000000860f800000,0x000000860f900000) (1024K)]

Stack: [0x000000860f800000,0x000000860f900000]
Native frames: (J=compiled Java code, j=interpreted, Vv=VM code, C=native code)
V  [jvm.dll+0x6cafb9]
V  [jvm.dll+0x858523]
V  [jvm.dll+0x85aa7e]
V  [jvm.dll+0x85b163]
V  [jvm.dll+0x27d356]
V  [jvm.dll+0x6c7865]
V  [jvm.dll+0x6bbd3a]
V  [jvm.dll+0x35199b]
V  [jvm.dll+0x3595d6]
V  [jvm.dll+0x3aa826]
V  [jvm.dll+0x3aaaf8]
V  [jvm.dll+0x3240bc]
V  [jvm.dll+0x324dab]
V  [jvm.dll+0x81fd89]
V  [jvm.dll+0x3b7c08]
V  [jvm.dll+0x80921d]
V  [jvm.dll+0x44c05e]
V  [jvm.dll+0x44d6b1]
C  [jli.dll+0x52ab]
C  [ucrtbase.dll+0x29333]
C  [KERNEL32.DLL+0x1259d]
C  [ntdll.dll+0x5af38]


---------------  P R O C E S S  ---------------

Threads class SMR info:
_java_thread_list=0x00007ffd978557c8, length=0, elements={
}

Java Threads: ( => current thread )
Total: 0

Other Threads:
  0x0000020299c23090 WorkerThread "GC Thread#0"                     [id=29152, stack(0x000000860f900000,0x000000860fa00000) (1024K)]
  0x0000020299c35aa0 ConcurrentGCThread "G1 Main Marker"            [id=25972, stack(0x000000860fa00000,0x000000860fb00000) (1024K)]
  0x0000020299c38c60 WorkerThread "G1 Conc#0"                       [id=48360, stack(0x000000860fb00000,0x000000860fc00000) (1024K)]

[error occurred during error reporting (printing all threads), id 0xc0000005, EXCEPTION_ACCESS_VIOLATION (0xc0000005) at pc=0x00007ffd97057197]
VM state: not at safepoint (not fully initialized)

VM Mutex/Monitor currently owned by a thread:  ([mutex/lock_event])
[0x00007ffd978c21c8] Heap_lock - owner thread: 0x0000020297a30d40

Heap address: 0x0000000085a00000, size: 1958 MB, Compressed Oops mode: 32-bit

CDS archive(s) mapped at: [0x0000000000000000-0x0000000000000000-0x0000000000000000), size 0, SharedBaseAddress: 0x0000000800000000, ArchiveRelocationMode: 1.
Narrow klass base: 0x0000000000000000, Narrow klass shift: 0, Narrow klass range: 0x0

GC Precious Log:
 CardTable entry size: 512
 Card Set container configuration: InlinePtr #cards 5 size 8 Array Of Cards #cards 12 size 40 Howl #buckets 4 coarsen threshold 1843 Howl Bitmap #cards 512 size 80 coarsen threshold 460 Card regions per heap region 1 cards per card region 2048

Heap:
 garbage-first heap   total 0K, used 0K [0x0000000085a00000, 0x0000000100000000)
  region size 1024K, 0 young (0K), 0 survivors (0K)
 Metaspace       used 0K, committed 0K, reserved 0K
  class space    used 0K, committed 0K, reserved 0K

Heap Regions: E=young(eden), S=young(survivor), O=old, HS=humongous(starts), HC=humongous(continues), CS=collection set, F=free, TAMS=top-at-mark-start, PB=parsable bottom

Card table byte_map: [0x00000202ac640000,0x00000202aca20000] _byte_map_base: 0x00000202ac213000

Marking Bits: (CMBitMap*) 0x0000020299c24ab0
 Bits: [0x00000202aca20000, 0x00000202ae8b8000)

GC Heap History (0 events):
No events

Dll operation events (1 events):
Event: 0.026 Loaded shared library C:\Program Files\Android\Android Studio2\jbr\bin\java.dll

Deoptimization events (0 events):
No events

Classes loaded (0 events):
No events

Classes unloaded (0 events):
No events

Classes redefined (0 events):
No events

Internal exceptions (0 events):
No events

ZGC Phase Switch (0 events):
No events

VM Operations (0 events):
No events

Events (0 events):
No events


Dynamic libraries:
0x00007ff68be20000 - 0x00007ff68be2a000 	C:\Program Files\Android\Android Studio2\jbr\bin\java.exe
0x00007ffe7c930000 - 0x00007ffe7cb47000 	C:\WINDOWS\SYSTEM32\ntdll.dll
0x00007ffe36450000 - 0x00007ffe3646a000 	C:\Program Files\AVG\Antivirus\aswhook.dll
0x00007ffe7c0b0000 - 0x00007ffe7c174000 	C:\WINDOWS\System32\KERNEL32.DLL
0x00007ffe7a150000 - 0x00007ffe7a50a000 	C:\WINDOWS\System32\KERNELBASE.dll
0x00007ffe7a030000 - 0x00007ffe7a141000 	C:\WINDOWS\System32\ucrtbase.dll
0x00007ffe17530000 - 0x00007ffe17548000 	C:\Program Files\Android\Android Studio2\jbr\bin\jli.dll
0x00007ffe5e2d0000 - 0x00007ffe5e2eb000 	C:\Program Files\Android\Android Studio2\jbr\bin\VCRUNTIME140.dll
0x00007ffe7c710000 - 0x00007ffe7c8be000 	C:\WINDOWS\System32\USER32.dll
0x00007ffe79f60000 - 0x00007ffe79f86000 	C:\WINDOWS\System32\win32u.dll
0x00007ffe7c8c0000 - 0x00007ffe7c8e9000 	C:\WINDOWS\System32\GDI32.dll
0x00007ffe7a510000 - 0x00007ffe7a62b000 	C:\WINDOWS\System32\gdi32full.dll
0x00007ffe79f90000 - 0x00007ffe7a02a000 	C:\WINDOWS\System32\msvcp_win.dll
0x00007ffe62b70000 - 0x00007ffe62e02000 	C:\WINDOWS\WinSxS\amd64_microsoft.windows.common-controls_6595b64144ccf1df_6.0.22621.4541_none_2710d1c57384c085\COMCTL32.dll
0x00007ffe7c280000 - 0x00007ffe7c327000 	C:\WINDOWS\System32\msvcrt.dll
0x00007ffe7b8a0000 - 0x00007ffe7b8d1000 	C:\WINDOWS\System32\IMM32.DLL
0x00007ffe700a0000 - 0x00007ffe700ac000 	C:\Program Files\Android\Android Studio2\jbr\bin\vcruntime140_1.dll
0x00007ffdedb40000 - 0x00007ffdedbcd000 	C:\Program Files\Android\Android Studio2\jbr\bin\msvcp140.dll
0x00007ffd96d20000 - 0x00007ffd9799d000 	C:\Program Files\Android\Android Studio2\jbr\bin\server\jvm.dll
0x00007ffe7b940000 - 0x00007ffe7b9f2000 	C:\WINDOWS\System32\ADVAPI32.dll
0x00007ffe7c4f0000 - 0x00007ffe7c597000 	C:\WINDOWS\System32\sechost.dll
0x00007ffe79d70000 - 0x00007ffe79d98000 	C:\WINDOWS\System32\bcrypt.dll
0x00007ffe7b780000 - 0x00007ffe7b894000 	C:\WINDOWS\System32\RPCRT4.dll
0x00007ffe7c5a0000 - 0x00007ffe7c611000 	C:\WINDOWS\System32\WS2_32.dll
0x00007ffe6fff0000 - 0x00007ffe6fffa000 	C:\WINDOWS\SYSTEM32\VERSION.dll
0x00007ffe78a60000 - 0x00007ffe78aad000 	C:\WINDOWS\SYSTEM32\POWRPROF.dll
0x00007ffe6fce0000 - 0x00007ffe6fd14000 	C:\WINDOWS\SYSTEM32\WINMM.dll
0x00007ffe78a40000 - 0x00007ffe78a53000 	C:\WINDOWS\SYSTEM32\UMPDC.dll
0x00007ffe78d10000 - 0x00007ffe78d28000 	C:\WINDOWS\SYSTEM32\kernel.appcore.dll
0x00007ffe6d590000 - 0x00007ffe6d59a000 	C:\Program Files\Android\Android Studio2\jbr\bin\jimage.dll
0x00007ffe77530000 - 0x00007ffe77762000 	C:\WINDOWS\SYSTEM32\DBGHELP.DLL
0x00007ffe7ab10000 - 0x00007ffe7ae9f000 	C:\WINDOWS\System32\combase.dll
0x00007ffe7c630000 - 0x00007ffe7c707000 	C:\WINDOWS\System32\OLEAUT32.dll
0x00007ffe6d3b0000 - 0x00007ffe6d3e2000 	C:\WINDOWS\SYSTEM32\dbgcore.DLL
0x00007ffe79e60000 - 0x00007ffe79edb000 	C:\WINDOWS\System32\bcryptPrimitives.dll
0x00007ffe563d0000 - 0x00007ffe563ef000 	C:\Program Files\Android\Android Studio2\jbr\bin\java.dll

dbghelp: loaded successfully - version: 4.0.5 - missing functions: none
symbol engine: initialized successfully - sym options: 0x614 - pdb path: .;C:\Program Files\Android\Android Studio2\jbr\bin;C:\WINDOWS\SYSTEM32;C:\Program Files\AVG\Antivirus;C:\WINDOWS\WinSxS\amd64_microsoft.windows.common-controls_6595b64144ccf1df_6.0.22621.4541_none_2710d1c57384c085;C:\Program Files\Android\Android Studio2\jbr\bin\server

VM Arguments:
java_command: git4idea.http.GitAskPassApp Username for 'https://github.com': 
java_class_path (initial): C:/Program Files/Android/Android Studio2/plugins/vcs-git/lib/git4idea-rt.jar;C:/Program Files/Android/Android Studio2/lib/externalProcess-rt.jar
Launcher Type: SUN_STANDARD

[Global flags]
     intx CICompilerCount                          = 4                                         {product} {ergonomic}
     uint ConcGCThreads                            = 3                                         {product} {ergonomic}
     uint G1ConcRefinementThreads                  = 10                                        {product} {ergonomic}
   size_t G1HeapRegionSize                         = 1048576                                   {product} {ergonomic}
    uintx GCDrainStackTargetSize                   = 64                                        {product} {ergonomic}
   size_t InitialHeapSize                          = 130023424                                 {product} {ergonomic}
   size_t MarkStackSize                            = 4194304                                   {product} {ergonomic}
   size_t MaxHeapSize                              = 2053111808                                {product} {ergonomic}
   size_t MinHeapDeltaBytes                        = 1048576                                   {product} {ergonomic}
   size_t MinHeapSize                              = 8388608                                   {product} {ergonomic}
    uintx NonNMethodCodeHeapSize                   = 5839372                                {pd product} {ergonomic}
    uintx NonProfiledCodeHeapSize                  = 122909434                              {pd product} {ergonomic}
    uintx ProfiledCodeHeapSize                     = 122909434                              {pd product} {ergonomic}
    uintx ReservedCodeCacheSize                    = 251658240                              {pd product} {ergonomic}
     bool SegmentedCodeCache                       = true                                      {product} {ergonomic}
   size_t SoftMaxHeapSize                          = 2053111808                             {manageable} {ergonomic}
     bool UseCompressedOops                        = true                           {product lp64_product} {ergonomic}
     bool UseG1GC                                  = true                                      {product} {ergonomic}
     bool UseLargePagesIndividualAllocation        = false                                  {pd product} {ergonomic}

Logging:
Log output configuration:
 #0: stdout all=warning uptime,level,tags foldmultilines=false
 #1: stderr all=off uptime,level,tags foldmultilines=false

Environment Variables:
PATH=C:\Program Files\Git\mingw64\libexec\git-core;C:\Program Files\Git\mingw64\libexec\git-core;C:\Program Files\Git\mingw64\bin;C:\Program Files\Git\usr\bin;C:\Users\kimjo\bin;C:\Program Files (x86)\VMware\VMware Workstation\bin;C:\windows\system32;C:\windows;C:\windows\System32\Wbem;C:\windows\System32\WindowsPowerShell\v1.0;C:\windows\System32\OpenSSH;C:\Program Files (x86)\NVIDIA Corporation\PhysX\Common;C:\Program Files\NVIDIA Corporation\NVIDIA NvDLISR;C:\Program Files\Microsoft SQL Server\150\Tools\Binn;C:\Program Files\Microsoft SQL Server\Client SDK\ODBC\170\Tools\Binn;C:\WINDOWS\system32;C:\WINDOWS;C:\WINDOWS\System32\Wbem;C:\WINDOWS\System32\WindowsPowerShell\v1.0;C:\WINDOWS\System32\OpenSSH;C:\Program Files\Docker\Docker\resources\bin;C:\Program Files\Git\cmd;C:\gradle\gradle-8.11.1\bin;C:\gradle\gradle-8.9\bin;C:\Program Files\MySQL\MySQL Shell 8.0\bin;C:\Users\kimjo\AppData\Local\Microsoft\WindowsApps;C:\Users\kimjo\.dotnet\tools;C:\Users\kimjo\AppData\Local\atom\bin;C:\Users\kimjo\AppData\Local\Microsoft\WindowsApps;C:\xampp\php;C:\Users\kimjo\AppData\Local\ComposerSetup\bin;C:\Users\kimjo\AppData\Roaming\Composer\vendor\bin;C:\Users\kimjo\AppData\Local\Programs\Microsoft VS Code\bin;C:\Users\kimjo\AppData\Local\Programs\Azure Data Studio\bin;C:\gradle\gradle-8.11.1\bin;C:\gradle\gradle-8.9\bin
USERNAME=kimjo
DISPLAY=:0.0
LC_ALL=en_US.UTF-8
TERM=xterm-256color
TMPDIR=C:\Users\kimjo\AppData\Local\Temp
OS=Windows_NT
PROCESSOR_IDENTIFIER=Intel64 Family 6 Model 141 Stepping 1, GenuineIntel
TMP=C:\Users\kimjo\AppData\Local\Temp
TEMP=C:\Users\kimjo\AppData\Local\Temp




Periodic native trim disabled

JNI global refs:
JNI global refs: 0, weak refs: 0

JNI global refs memory usage: 0, weak refs: 0

Process memory usage:
Resident Set Size: 11968K (0% of 8017892K total physical memory with 140924K free physical memory)

OOME stack traces (most recent first):
Classloader memory used:

---------------  S Y S T E M  ---------------

OS:
 Windows 11 , 64 bit Build 22621 (10.0.22621.4391)
OS uptime: 3 days 16:33 hours
Hyper-V role detected

CPU: total 12 (initial active 12) (6 cores per cpu, 2 threads per core) family 6 model 141 stepping 1 microcode 0x52, cx8, cmov, fxsr, ht, mmx, 3dnowpref, sse, sse2, sse3, ssse3, sse4.1, sse4.2, popcnt, lzcnt, tsc, tscinvbit, avx, avx2, aes, erms, clmul, bmi1, bmi2, adx, avx512f, avx512dq, avx512cd, avx512bw, avx512vl, sha, fma, vzeroupper, avx512_vpopcntdq, avx512_vpclmulqdq, avx512_vaes, avx512_vnni, clflush, clflushopt, clwb, avx512_vbmi2, avx512_vbmi, hv, rdtscp, rdpid, fsrm, gfni, avx512_bitalg, f16c, cet_ibt, cet_ss, avx512_ifma
Processor Information for all 12 processors :
  Max Mhz: 2688, Current Mhz: 2688, Mhz Limit: 2688

Memory: 4k page, system-wide physical 7829M (137M free)
TotalPageFile size 31381M (AvailPageFile size 123M)
current process WorkingSet (physical memory assigned to process): 11M, peak: 11M
current process commit charge ("private bytes"): 64M, peak: 188M

vm_info: OpenJDK 64-Bit Server VM (21.0.3+-12282718-b509.11) for windows-amd64 JRE (21.0.3+-12282718-b509.11), built on 2024-08-27T17:34:15Z by "builder" with MS VC++ 16.10 / 16.11 (VS2019)

END.
